2018-02-19 13:14:28,330:INFO: Loading the datasets...
2018-02-19 13:14:28,336:INFO: - done.
2018-02-19 13:14:28,359:INFO: Starting training for 10 epoch(s)
2018-02-19 13:14:28,359:INFO: Epoch 1/10
2018-02-19 13:14:41,969:INFO: - Train metrics: accuracy: 0.219 ; loss: 1.767
2018-02-19 13:14:43,306:INFO: - Eval metrics : accuracy: 0.153 ; loss: 1.996
2018-02-19 13:14:43,947:INFO: - Found new best accuracy
2018-02-19 13:14:43,949:INFO: Epoch 2/10
2018-02-19 13:14:55,577:INFO: - Train metrics: accuracy: 0.562 ; loss: 1.344
2018-02-19 13:14:56,873:INFO: - Eval metrics : accuracy: 0.685 ; loss: 1.138
2018-02-19 13:14:57,785:INFO: - Found new best accuracy
2018-02-19 13:14:57,787:INFO: Epoch 3/10
2018-02-19 13:15:09,519:INFO: - Train metrics: accuracy: 0.625 ; loss: 1.066
2018-02-19 13:15:11,171:INFO: - Eval metrics : accuracy: 0.704 ; loss: 1.001
2018-02-19 13:15:11,456:INFO: - Found new best accuracy
2018-02-19 13:15:11,459:INFO: Epoch 4/10
2018-02-19 13:15:23,497:INFO: - Train metrics: accuracy: 0.656 ; loss: 1.068
2018-02-19 13:15:25,239:INFO: - Eval metrics : accuracy: 0.869 ; loss: 0.736
2018-02-19 13:15:25,740:INFO: - Found new best accuracy
2018-02-19 13:15:25,743:INFO: Epoch 5/10
2018-02-19 13:15:37,931:INFO: - Train metrics: accuracy: 0.750 ; loss: 0.729
2018-02-19 13:15:39,556:INFO: - Eval metrics : accuracy: 0.615 ; loss: 0.995
2018-02-19 13:15:39,939:INFO: Epoch 6/10
2018-02-19 13:15:52,832:INFO: - Train metrics: accuracy: 0.719 ; loss: 0.758
2018-02-19 13:15:54,168:INFO: - Eval metrics : accuracy: 0.766 ; loss: 0.800
2018-02-19 13:15:54,464:INFO: Epoch 7/10
2018-02-19 13:16:07,254:INFO: - Train metrics: accuracy: 0.875 ; loss: 0.457
2018-02-19 13:16:08,612:INFO: - Eval metrics : accuracy: 0.804 ; loss: 0.698
2018-02-19 13:16:08,878:INFO: Epoch 8/10
2018-02-19 13:16:23,018:INFO: - Train metrics: accuracy: 0.844 ; loss: 0.621
2018-02-19 13:16:24,395:INFO: - Eval metrics : accuracy: 0.874 ; loss: 0.473
2018-02-19 13:16:24,902:INFO: - Found new best accuracy
2018-02-19 13:16:24,904:INFO: Epoch 9/10
2018-02-19 13:16:36,589:INFO: - Train metrics: accuracy: 0.875 ; loss: 0.504
2018-02-19 13:16:37,837:INFO: - Eval metrics : accuracy: 0.628 ; loss: 1.239
2018-02-19 13:16:37,972:INFO: Epoch 10/10
2018-02-19 13:16:49,370:INFO: - Train metrics: accuracy: 0.906 ; loss: 0.397
2018-02-19 13:16:50,705:INFO: - Eval metrics : accuracy: 0.798 ; loss: 0.539
2018-02-19 14:05:35,446:INFO: Loading the datasets...
2018-02-19 14:05:35,471:INFO: - done.
2018-02-19 14:05:35,544:INFO: Starting training for 10 epoch(s)
2018-02-19 14:05:35,545:INFO: Epoch 1/10
2018-02-19 14:06:12,986:INFO: Loading the datasets...
2018-02-19 14:06:13,002:INFO: - done.
2018-02-19 14:06:13,055:INFO: Starting training for 10 epoch(s)
2018-02-19 14:06:13,055:INFO: Epoch 1/10
2018-02-19 14:08:56,416:INFO: Loading the datasets...
2018-02-19 14:08:56,421:INFO: - done.
2018-02-19 14:08:56,441:INFO: Starting training for 10 epoch(s)
2018-02-19 14:08:56,441:INFO: Epoch 1/10
2018-02-19 14:09:09,542:INFO: - Train metrics: loss: 1.716 ; accuracy: 0.312
2018-02-19 14:09:10,938:INFO: - Eval metrics : loss: 2.058 ; accuracy: 0.308
2018-02-19 14:09:11,447:INFO: - Found new best accuracy
2018-02-19 14:09:11,449:INFO: Epoch 2/10
2018-02-19 14:09:24,332:INFO: - Train metrics: loss: 1.500 ; accuracy: 0.500
2018-02-19 14:09:26,102:INFO: - Eval metrics : loss: 1.378 ; accuracy: 0.466
2018-02-19 14:09:26,199:INFO: - Found new best accuracy
2018-02-19 14:09:26,202:INFO: Epoch 3/10
2018-02-19 14:09:38,620:INFO: - Train metrics: loss: 0.920 ; accuracy: 0.875
2018-02-19 14:09:40,015:INFO: - Eval metrics : loss: 0.943 ; accuracy: 0.686
2018-02-19 14:09:40,102:INFO: - Found new best accuracy
2018-02-19 14:09:40,105:INFO: Epoch 4/10
2018-02-19 14:09:52,500:INFO: - Train metrics: loss: 1.044 ; accuracy: 0.688
2018-02-19 14:09:53,851:INFO: - Eval metrics : loss: 0.702 ; accuracy: 0.801
2018-02-19 14:09:53,969:INFO: - Found new best accuracy
2018-02-19 14:09:53,976:INFO: Epoch 5/10
2018-02-19 14:10:06,482:INFO: - Train metrics: loss: 0.739 ; accuracy: 0.781
2018-02-19 14:10:07,828:INFO: - Eval metrics : loss: 0.643 ; accuracy: 0.857
2018-02-19 14:10:07,963:INFO: - Found new best accuracy
2018-02-19 14:10:07,966:INFO: Epoch 6/10
2018-02-19 14:10:20,219:INFO: - Train metrics: loss: 0.751 ; accuracy: 0.781
2018-02-19 14:10:21,626:INFO: - Eval metrics : loss: 0.671 ; accuracy: 0.795
2018-02-19 14:10:21,696:INFO: Epoch 7/10
2018-02-19 14:10:33,992:INFO: - Train metrics: loss: 0.574 ; accuracy: 0.875
2018-02-19 14:10:35,315:INFO: - Eval metrics : loss: 0.757 ; accuracy: 0.656
2018-02-19 14:10:35,388:INFO: Epoch 8/10
2018-02-19 14:10:47,349:INFO: - Train metrics: loss: 0.616 ; accuracy: 0.875
2018-02-19 14:10:48,687:INFO: - Eval metrics : loss: 0.393 ; accuracy: 0.894
2018-02-19 14:10:48,806:INFO: - Found new best accuracy
2018-02-19 14:10:48,809:INFO: Epoch 9/10
2018-02-19 14:11:00,917:INFO: - Train metrics: loss: 0.554 ; accuracy: 0.812
2018-02-19 14:11:02,249:INFO: - Eval metrics : loss: 0.468 ; accuracy: 0.865
2018-02-19 14:11:02,313:INFO: Epoch 10/10
2018-02-19 14:11:14,423:INFO: - Train metrics: loss: 0.565 ; accuracy: 0.781
2018-02-19 14:11:15,798:INFO: - Eval metrics : loss: 1.201 ; accuracy: 0.542
2018-02-19 14:16:43,930:INFO: Loading the datasets...
2018-02-19 14:16:43,932:INFO: - done.
2018-02-19 14:16:43,951:INFO: Starting training for 10 epoch(s)
2018-02-19 14:16:43,951:INFO: Epoch 1/10
2018-02-19 14:16:48,266:INFO: - Train metrics: loss: 1.857 ; accuracy: 0.156
2018-02-19 14:16:48,962:INFO: - Eval metrics : loss: 1.509 ; accuracy: 0.531
2018-02-19 14:16:49,041:INFO: - Found new best accuracy
2018-02-19 14:16:49,044:INFO: Epoch 2/10
2018-02-19 14:16:53,052:INFO: - Train metrics: loss: 1.122 ; accuracy: 0.875
2018-02-19 14:16:53,726:INFO: - Eval metrics : loss: 1.219 ; accuracy: 0.531
2018-02-19 14:16:54,362:INFO: - Found new best accuracy
2018-02-19 14:16:54,365:INFO: Epoch 3/10
2018-02-19 14:16:58,728:INFO: - Train metrics: loss: 0.754 ; accuracy: 0.969
2018-02-19 14:16:59,609:INFO: - Eval metrics : loss: 0.957 ; accuracy: 0.531
2018-02-19 14:16:59,703:INFO: - Found new best accuracy
2018-02-19 14:16:59,708:INFO: Epoch 4/10
2018-02-19 14:17:04,191:INFO: - Train metrics: loss: 0.614 ; accuracy: 1.000
2018-02-19 14:17:04,964:INFO: - Eval metrics : loss: 0.717 ; accuracy: 0.750
2018-02-19 14:17:05,056:INFO: - Found new best accuracy
2018-02-19 14:17:05,060:INFO: Epoch 5/10
2018-02-19 14:17:10,073:INFO: - Train metrics: loss: 0.484 ; accuracy: 1.000
2018-02-19 14:17:10,748:INFO: - Eval metrics : loss: 0.710 ; accuracy: 0.573
2018-02-19 14:17:10,813:INFO: Epoch 6/10
2018-02-19 14:17:14,745:INFO: - Train metrics: loss: 0.370 ; accuracy: 1.000
2018-02-19 14:17:15,374:INFO: - Eval metrics : loss: 0.466 ; accuracy: 0.917
2018-02-19 14:17:15,491:INFO: - Found new best accuracy
2018-02-19 14:17:15,495:INFO: Epoch 7/10
2018-02-19 14:17:19,408:INFO: - Train metrics: loss: 0.235 ; accuracy: 1.000
2018-02-19 14:17:20,084:INFO: - Eval metrics : loss: 0.697 ; accuracy: 0.833
2018-02-19 14:17:20,137:INFO: Epoch 8/10
2018-02-19 14:17:24,133:INFO: - Train metrics: loss: 0.264 ; accuracy: 0.969
2018-02-19 14:17:24,777:INFO: - Eval metrics : loss: 0.662 ; accuracy: 0.844
2018-02-19 14:17:24,836:INFO: Epoch 9/10
2018-02-19 14:17:29,202:INFO: - Train metrics: loss: 0.150 ; accuracy: 1.000
2018-02-19 14:17:29,887:INFO: - Eval metrics : loss: 0.628 ; accuracy: 0.708
2018-02-19 14:17:29,945:INFO: Epoch 10/10
2018-02-19 14:17:33,890:INFO: - Train metrics: loss: 0.123 ; accuracy: 1.000
2018-02-19 14:17:34,555:INFO: - Eval metrics : loss: 0.080 ; accuracy: 1.000
2018-02-19 14:17:34,679:INFO: - Found new best accuracy
2018-02-19 14:18:31,965:INFO: Loading the datasets...
2018-02-19 14:18:31,967:INFO: - done.
2018-02-19 14:18:31,981:INFO: Starting training for 10 epoch(s)
2018-02-19 14:18:31,981:INFO: Epoch 1/10
2018-02-19 14:18:36,578:INFO: - Train metrics: loss: 0.777 ; accuracy: 0.562
2018-02-19 14:18:37,330:INFO: - Eval metrics : loss: 0.689 ; accuracy: 0.469
2018-02-19 14:18:37,431:INFO: - Found new best accuracy
2018-02-19 14:18:37,434:INFO: Epoch 2/10
2018-02-19 14:18:41,722:INFO: - Train metrics: loss: 0.267 ; accuracy: 0.938
2018-02-19 14:18:42,510:INFO: - Eval metrics : loss: 0.646 ; accuracy: 0.531
2018-02-19 14:18:42,627:INFO: - Found new best accuracy
2018-02-19 14:18:42,631:INFO: Epoch 3/10
2018-02-19 14:18:46,822:INFO: - Train metrics: loss: 0.257 ; accuracy: 0.938
2018-02-19 14:18:47,629:INFO: - Eval metrics : loss: 0.607 ; accuracy: 0.531
2018-02-19 14:18:47,892:INFO: - Found new best accuracy
2018-02-19 14:18:47,895:INFO: Epoch 4/10
2018-02-19 14:18:52,065:INFO: - Train metrics: loss: 0.122 ; accuracy: 0.969
2018-02-19 14:18:52,763:INFO: - Eval metrics : loss: 0.350 ; accuracy: 0.875
2018-02-19 14:18:53,649:INFO: - Found new best accuracy
2018-02-19 14:18:53,652:INFO: Epoch 5/10
2018-02-19 14:18:58,028:INFO: - Train metrics: loss: 0.113 ; accuracy: 1.000
2018-02-19 14:18:58,771:INFO: - Eval metrics : loss: 0.332 ; accuracy: 0.875
2018-02-19 14:18:59,204:INFO: - Found new best accuracy
2018-02-19 14:18:59,208:INFO: Epoch 6/10
2018-02-19 14:19:03,694:INFO: - Train metrics: loss: 0.083 ; accuracy: 1.000
2018-02-19 14:19:04,412:INFO: - Eval metrics : loss: 0.122 ; accuracy: 1.000
2018-02-19 14:19:04,512:INFO: - Found new best accuracy
2018-02-19 14:19:04,516:INFO: Epoch 7/10
2018-02-19 14:19:09,144:INFO: - Train metrics: loss: 0.075 ; accuracy: 1.000
2018-02-19 14:19:09,857:INFO: - Eval metrics : loss: 0.057 ; accuracy: 1.000
2018-02-19 14:19:09,958:INFO: - Found new best accuracy
2018-02-19 14:19:09,962:INFO: Epoch 8/10
2018-02-19 14:19:14,370:INFO: - Train metrics: loss: 0.047 ; accuracy: 1.000
2018-02-19 14:19:15,165:INFO: - Eval metrics : loss: 0.111 ; accuracy: 0.948
2018-02-19 14:19:15,216:INFO: Epoch 9/10
2018-02-19 14:19:19,591:INFO: - Train metrics: loss: 0.027 ; accuracy: 1.000
2018-02-19 14:19:20,518:INFO: - Eval metrics : loss: 0.110 ; accuracy: 0.990
2018-02-19 14:19:20,644:INFO: Epoch 10/10
2018-02-19 14:19:25,287:INFO: - Train metrics: loss: 0.044 ; accuracy: 1.000
2018-02-19 14:19:26,144:INFO: - Eval metrics : loss: 1.255 ; accuracy: 0.531
2018-02-19 15:30:32,474:INFO: Loading the datasets...
2018-02-19 15:32:10,333:INFO: Loading the datasets...
2018-02-19 15:32:10,336:INFO: - done.
2018-02-19 15:32:10,360:INFO: Starting training for 10 epoch(s)
2018-02-19 15:32:10,360:INFO: Epoch 1/10
2018-02-19 15:32:28,822:INFO: Loading the datasets...
2018-02-19 15:32:28,822:INFO: - done.
2018-02-19 15:32:28,843:INFO: Starting training for 10 epoch(s)
2018-02-19 15:32:28,843:INFO: Epoch 1/10
2018-02-19 15:36:45,290:INFO: Loading the datasets...
2018-02-19 15:36:52,662:INFO: Loading the datasets...
2018-02-19 15:36:52,662:INFO: - done.
2018-02-19 15:36:52,684:INFO: Starting training for 10 epoch(s)
2018-02-19 15:36:52,685:INFO: Epoch 1/10
2018-02-19 15:37:30,380:INFO: Loading the datasets...
2018-02-19 15:37:30,381:INFO: - done.
2018-02-19 15:37:30,396:INFO: Starting training for 10 epoch(s)
2018-02-19 15:37:30,396:INFO: Epoch 1/10
2018-02-19 15:38:36,647:INFO: Loading the datasets...
2018-02-19 15:38:36,648:INFO: - done.
2018-02-19 15:38:36,667:INFO: Starting training for 10 epoch(s)
2018-02-19 15:38:36,667:INFO: Epoch 1/10
2018-02-19 15:39:15,269:INFO: Loading the datasets...
2018-02-19 15:39:15,270:INFO: - done.
2018-02-19 15:39:15,283:INFO: Starting training for 10 epoch(s)
2018-02-19 15:39:15,283:INFO: Epoch 1/10
2018-02-19 15:39:15,606:INFO: - Train metrics: loss: 0.692 ; accuracy: 0.375
2018-02-19 15:39:15,714:INFO: - Eval metrics : loss: 0.693 ; accuracy: 0.500
2018-02-19 15:39:15,825:INFO: - Found new best accuracy
2018-02-19 15:39:15,831:INFO: Epoch 2/10
2018-02-19 15:39:16,118:INFO: - Train metrics: loss: 0.568 ; accuracy: 0.625
2018-02-19 15:39:16,220:INFO: - Eval metrics : loss: 0.693 ; accuracy: 0.500
2018-02-19 15:39:16,323:INFO: - Found new best accuracy
2018-02-19 15:39:16,324:INFO: Epoch 3/10
2018-02-19 15:39:16,595:INFO: - Train metrics: loss: 0.407 ; accuracy: 0.750
2018-02-19 15:39:16,691:INFO: - Eval metrics : loss: 0.693 ; accuracy: 0.500
2018-02-19 15:39:16,795:INFO: - Found new best accuracy
2018-02-19 15:39:16,797:INFO: Epoch 4/10
2018-02-19 15:39:17,049:INFO: - Train metrics: loss: 0.284 ; accuracy: 1.000
2018-02-19 15:39:17,145:INFO: - Eval metrics : loss: 0.693 ; accuracy: 0.500
2018-02-19 15:39:17,326:INFO: - Found new best accuracy
2018-02-19 15:39:17,327:INFO: Epoch 5/10
2018-02-19 15:39:17,563:INFO: - Train metrics: loss: 0.282 ; accuracy: 1.000
2018-02-19 15:39:17,659:INFO: - Eval metrics : loss: 0.692 ; accuracy: 0.500
2018-02-19 15:39:17,909:INFO: - Found new best accuracy
2018-02-19 15:39:17,910:INFO: Epoch 6/10
2018-02-19 15:39:18,143:INFO: - Train metrics: loss: 0.347 ; accuracy: 1.000
2018-02-19 15:39:18,242:INFO: - Eval metrics : loss: 0.691 ; accuracy: 0.500
2018-02-19 15:39:18,808:INFO: - Found new best accuracy
2018-02-19 15:39:18,810:INFO: Epoch 7/10
2018-02-19 15:39:19,044:INFO: - Train metrics: loss: 0.262 ; accuracy: 1.000
2018-02-19 15:39:19,139:INFO: - Eval metrics : loss: 0.692 ; accuracy: 0.500
2018-02-19 15:39:19,603:INFO: - Found new best accuracy
2018-02-19 15:39:19,604:INFO: Epoch 8/10
2018-02-19 15:39:19,837:INFO: - Train metrics: loss: 0.278 ; accuracy: 1.000
2018-02-19 15:39:19,930:INFO: - Eval metrics : loss: 0.693 ; accuracy: 0.500
2018-02-19 15:39:20,585:INFO: - Found new best accuracy
2018-02-19 15:39:20,588:INFO: Epoch 9/10
2018-02-19 15:39:20,834:INFO: - Train metrics: loss: 0.282 ; accuracy: 1.000
2018-02-19 15:39:20,923:INFO: - Eval metrics : loss: 0.692 ; accuracy: 0.500
2018-02-19 15:39:21,489:INFO: - Found new best accuracy
2018-02-19 15:39:21,492:INFO: Epoch 10/10
2018-02-19 15:39:21,772:INFO: - Train metrics: loss: 0.335 ; accuracy: 0.875
2018-02-19 15:39:21,875:INFO: - Eval metrics : loss: 0.694 ; accuracy: 0.500
2018-02-19 15:39:22,296:INFO: - Found new best accuracy
2018-02-22 13:19:43,043:INFO: Loading the datasets...
2018-02-22 13:19:43,044:INFO: - done.
2018-02-22 13:19:43,072:INFO: Starting training for 10 epoch(s)
2018-02-22 13:19:43,072:INFO: Epoch 1/10
2018-02-22 13:21:39,699:INFO: Loading the datasets...
2018-02-22 13:28:50,165:INFO: Loading the datasets...
2018-02-22 13:28:50,166:INFO: - done.
2018-02-22 13:28:50,196:INFO: Starting training for 10 epoch(s)
2018-02-22 13:28:50,196:INFO: Epoch 1/10
2018-02-22 13:30:18,015:INFO: Loading the datasets...
2018-02-22 13:30:18,016:INFO: - done.
2018-02-22 13:30:18,037:INFO: Starting training for 10 epoch(s)
2018-02-22 13:30:18,038:INFO: Epoch 1/10
2018-02-22 13:30:18,533:INFO: - Train metrics: loss: 0.676 ; accuracy: 0.625
2018-02-22 13:30:18,636:INFO: - Eval metrics : loss: 0.693 ; accuracy: 0.500
2018-02-22 13:30:19,203:INFO: - Found new best accuracy
2018-02-22 13:30:19,205:INFO: Epoch 2/10
2018-02-22 13:30:19,627:INFO: - Train metrics: loss: 0.607 ; accuracy: 0.625
2018-02-22 13:30:19,748:INFO: - Eval metrics : loss: 0.692 ; accuracy: 0.500
2018-02-22 13:30:19,895:INFO: - Found new best accuracy
2018-02-22 13:30:19,896:INFO: Epoch 3/10
2018-02-22 13:30:20,191:INFO: - Train metrics: loss: 0.413 ; accuracy: 0.750
2018-02-22 13:30:20,310:INFO: - Eval metrics : loss: 0.694 ; accuracy: 0.500
2018-02-22 13:30:20,482:INFO: - Found new best accuracy
2018-02-22 13:30:20,484:INFO: Epoch 4/10
2018-02-22 13:30:20,794:INFO: - Train metrics: loss: 0.365 ; accuracy: 0.875
2018-02-22 13:30:20,903:INFO: - Eval metrics : loss: 0.695 ; accuracy: 0.500
2018-02-22 13:30:21,350:INFO: - Found new best accuracy
2018-02-22 13:30:21,352:INFO: Epoch 5/10
2018-02-22 13:30:21,646:INFO: - Train metrics: loss: 0.337 ; accuracy: 0.875
2018-02-22 13:30:21,738:INFO: - Eval metrics : loss: 0.697 ; accuracy: 0.500
2018-02-22 13:30:21,857:INFO: - Found new best accuracy
2018-02-22 13:30:21,859:INFO: Epoch 6/10
2018-02-22 13:30:22,119:INFO: - Train metrics: loss: 0.321 ; accuracy: 1.000
2018-02-22 13:30:22,226:INFO: - Eval metrics : loss: 0.701 ; accuracy: 0.500
2018-02-22 13:30:22,361:INFO: - Found new best accuracy
2018-02-22 13:30:22,362:INFO: Epoch 7/10
2018-02-22 13:30:22,631:INFO: - Train metrics: loss: 0.274 ; accuracy: 1.000
2018-02-22 13:30:22,735:INFO: - Eval metrics : loss: 0.706 ; accuracy: 0.500
2018-02-22 13:30:22,880:INFO: - Found new best accuracy
2018-02-22 13:30:22,881:INFO: Epoch 8/10
2018-02-22 13:30:23,144:INFO: - Train metrics: loss: 0.277 ; accuracy: 1.000
2018-02-22 13:30:23,259:INFO: - Eval metrics : loss: 0.712 ; accuracy: 0.500
2018-02-22 13:30:23,397:INFO: - Found new best accuracy
2018-02-22 13:30:23,399:INFO: Epoch 9/10
2018-02-22 13:30:23,677:INFO: - Train metrics: loss: 0.309 ; accuracy: 1.000
2018-02-22 13:30:23,779:INFO: - Eval metrics : loss: 0.715 ; accuracy: 0.500
2018-02-22 13:30:23,931:INFO: - Found new best accuracy
2018-02-22 13:30:23,932:INFO: Epoch 10/10
2018-02-22 13:30:24,217:INFO: - Train metrics: loss: 0.282 ; accuracy: 0.875
2018-02-22 13:30:24,349:INFO: - Eval metrics : loss: 0.715 ; accuracy: 0.500
2018-02-22 13:30:24,493:INFO: - Found new best accuracy
2018-02-22 13:34:27,658:INFO: Loading the datasets...
2018-02-22 13:34:27,659:INFO: - done.
2018-02-22 13:34:27,681:INFO: Starting training for 10 epoch(s)
2018-02-22 13:34:27,682:INFO: Epoch 1/10
2018-02-22 13:34:28,107:INFO: - Train metrics: loss: 0.876 ; accuracy: 0.375
2018-02-22 13:34:28,226:INFO: - Eval metrics : loss: 0.693 ; accuracy: 0.500
2018-02-22 13:34:28,324:INFO: - Found new best accuracy
2018-02-22 13:34:28,326:INFO: Epoch 2/10
2018-02-22 13:34:28,617:INFO: - Train metrics: loss: 0.518 ; accuracy: 0.625
2018-02-22 13:34:28,715:INFO: - Eval metrics : loss: 0.692 ; accuracy: 0.500
2018-02-22 13:34:28,843:INFO: - Found new best accuracy
2018-02-22 13:34:28,844:INFO: Epoch 3/10
2018-02-22 13:34:29,545:INFO: - Train metrics: loss: 0.426 ; accuracy: 0.875
2018-02-22 13:34:29,707:INFO: - Eval metrics : loss: 0.692 ; accuracy: 0.500
2018-02-22 13:34:29,823:INFO: - Found new best accuracy
2018-02-22 13:34:29,825:INFO: Epoch 4/10
2018-02-22 13:34:30,491:INFO: - Train metrics: loss: 0.327 ; accuracy: 1.000
2018-02-22 13:34:30,783:INFO: - Eval metrics : loss: 0.692 ; accuracy: 0.500
2018-02-22 13:34:31,044:INFO: - Found new best accuracy
2018-02-22 13:34:31,046:INFO: Epoch 5/10
2018-02-22 13:34:31,392:INFO: - Train metrics: loss: 0.265 ; accuracy: 1.000
2018-02-22 13:34:31,600:INFO: - Eval metrics : loss: 0.692 ; accuracy: 0.500
2018-02-22 13:34:31,749:INFO: - Found new best accuracy
2018-02-22 13:34:31,750:INFO: Epoch 6/10
2018-02-22 13:34:32,059:INFO: - Train metrics: loss: 0.296 ; accuracy: 0.875
2018-02-22 13:34:32,157:INFO: - Eval metrics : loss: 0.695 ; accuracy: 0.500
2018-02-22 13:34:32,262:INFO: - Found new best accuracy
2018-02-22 13:34:32,263:INFO: Epoch 7/10
2018-02-22 13:34:32,562:INFO: - Train metrics: loss: 0.293 ; accuracy: 1.000
2018-02-22 13:34:32,662:INFO: - Eval metrics : loss: 0.699 ; accuracy: 0.500
2018-02-22 13:34:32,796:INFO: - Found new best accuracy
2018-02-22 13:34:32,797:INFO: Epoch 8/10
2018-02-22 13:34:33,058:INFO: - Train metrics: loss: 0.287 ; accuracy: 1.000
2018-02-22 13:34:33,148:INFO: - Eval metrics : loss: 0.701 ; accuracy: 0.500
2018-02-22 13:34:33,279:INFO: - Found new best accuracy
2018-02-22 13:34:33,281:INFO: Epoch 9/10
2018-02-22 13:34:33,549:INFO: - Train metrics: loss: 0.304 ; accuracy: 1.000
2018-02-22 13:34:33,643:INFO: - Eval metrics : loss: 0.700 ; accuracy: 0.500
2018-02-22 13:34:33,742:INFO: - Found new best accuracy
2018-02-22 13:34:33,744:INFO: Epoch 10/10
2018-02-22 13:34:34,022:INFO: - Train metrics: loss: 0.351 ; accuracy: 0.875
2018-02-22 13:34:34,109:INFO: - Eval metrics : loss: 0.698 ; accuracy: 0.500
2018-02-22 13:34:34,191:INFO: - Found new best accuracy
2018-02-22 14:28:14,206:INFO: Loading the datasets...
2018-02-22 14:28:14,207:INFO: - done.
2018-02-22 14:28:14,227:INFO: Starting training for 10 epoch(s)
2018-02-22 14:28:14,227:INFO: Epoch 1/10
2018-02-22 14:28:14,732:INFO: - Train metrics: loss: 0.777 ; accuracy: 0.625
2018-02-22 14:28:14,861:INFO: - Eval metrics : loss: 0.693 ; accuracy: 0.500
2018-02-22 14:28:15,042:INFO: - Found new best accuracy
2018-02-22 14:28:15,043:INFO: Epoch 2/10
2018-02-22 14:28:15,388:INFO: - Train metrics: loss: 0.480 ; accuracy: 0.875
2018-02-22 14:28:15,523:INFO: - Eval metrics : loss: 0.692 ; accuracy: 0.500
2018-02-22 14:28:15,665:INFO: - Found new best accuracy
2018-02-22 14:28:15,674:INFO: Epoch 3/10
2018-02-22 14:28:15,982:INFO: - Train metrics: loss: 0.484 ; accuracy: 0.750
2018-02-22 14:28:16,113:INFO: - Eval metrics : loss: 0.692 ; accuracy: 0.500
2018-02-22 14:28:16,260:INFO: - Found new best accuracy
2018-02-22 14:28:16,264:INFO: Epoch 4/10
2018-02-22 14:28:16,574:INFO: - Train metrics: loss: 0.363 ; accuracy: 1.000
2018-02-22 14:28:16,691:INFO: - Eval metrics : loss: 0.691 ; accuracy: 0.500
2018-02-22 14:28:16,837:INFO: - Found new best accuracy
2018-02-22 14:28:16,839:INFO: Epoch 5/10
2018-02-22 14:28:17,149:INFO: - Train metrics: loss: 0.266 ; accuracy: 1.000
2018-02-22 14:28:17,272:INFO: - Eval metrics : loss: 0.692 ; accuracy: 0.500
2018-02-22 14:28:17,398:INFO: - Found new best accuracy
2018-02-22 14:28:17,405:INFO: Epoch 6/10
2018-02-22 14:28:17,707:INFO: - Train metrics: loss: 0.376 ; accuracy: 0.875
2018-02-22 14:28:17,828:INFO: - Eval metrics : loss: 0.692 ; accuracy: 0.500
2018-02-22 14:28:17,980:INFO: - Found new best accuracy
2018-02-22 14:28:17,982:INFO: Epoch 7/10
2018-02-22 14:28:18,278:INFO: - Train metrics: loss: 0.198 ; accuracy: 1.000
2018-02-22 14:28:18,434:INFO: - Eval metrics : loss: 0.692 ; accuracy: 0.500
2018-02-22 14:28:18,570:INFO: - Found new best accuracy
2018-02-22 14:28:18,572:INFO: Epoch 8/10
2018-02-22 14:28:18,875:INFO: - Train metrics: loss: 0.276 ; accuracy: 1.000
2018-02-22 14:28:18,992:INFO: - Eval metrics : loss: 0.691 ; accuracy: 0.500
2018-02-22 14:28:19,124:INFO: - Found new best accuracy
2018-02-22 14:28:19,126:INFO: Epoch 9/10
2018-02-22 14:28:19,442:INFO: - Train metrics: loss: 0.311 ; accuracy: 1.000
2018-02-22 14:28:19,557:INFO: - Eval metrics : loss: 0.691 ; accuracy: 0.500
2018-02-22 14:28:19,692:INFO: - Found new best accuracy
2018-02-22 14:28:19,693:INFO: Epoch 10/10
2018-02-22 14:28:20,023:INFO: - Train metrics: loss: 0.257 ; accuracy: 0.875
2018-02-22 14:28:20,145:INFO: - Eval metrics : loss: 0.689 ; accuracy: 0.500
2018-02-22 14:28:20,303:INFO: - Found new best accuracy
2018-03-12 21:50:09,920:INFO: Loading the datasets...
2018-03-12 21:50:09,980:INFO: - done.
2018-03-12 21:50:12,190:INFO: Starting training for 10 epoch(s)
2018-03-12 21:50:12,191:INFO: Epoch 1/10
2018-03-12 21:50:21,458:INFO: - Train metrics: accuracy: 0.802 ; loss: 0.484
2018-03-12 21:50:25,191:INFO: - Eval metrics : accuracy: 0.755 ; loss: 0.554
2018-03-12 21:50:25,227:INFO: - Found new best accuracy
2018-03-12 21:50:25,228:INFO: Epoch 2/10
2018-03-12 21:50:33,987:INFO: - Train metrics: accuracy: 0.750 ; loss: 0.483
2018-03-12 21:50:37,685:INFO: - Eval metrics : accuracy: 0.757 ; loss: 0.630
2018-03-12 21:50:37,738:INFO: - Found new best accuracy
2018-03-12 21:50:37,739:INFO: Epoch 3/10
2018-03-12 21:50:46,565:INFO: - Train metrics: accuracy: 0.885 ; loss: 0.337
2018-03-12 21:50:50,304:INFO: - Eval metrics : accuracy: 0.761 ; loss: 0.675
2018-03-12 21:50:50,368:INFO: - Found new best accuracy
2018-03-12 21:50:50,369:INFO: Epoch 4/10
2018-03-12 21:50:59,194:INFO: - Train metrics: accuracy: 0.854 ; loss: 0.314
2018-03-12 21:51:02,935:INFO: - Eval metrics : accuracy: 0.685 ; loss: 0.799
2018-03-12 21:51:02,963:INFO: Epoch 5/10
2018-03-12 21:51:11,847:INFO: - Train metrics: accuracy: 0.833 ; loss: 0.332
2018-03-12 21:51:15,625:INFO: - Eval metrics : accuracy: 0.690 ; loss: 0.838
2018-03-12 21:51:15,655:INFO: Epoch 6/10
2018-03-12 21:51:24,473:INFO: - Train metrics: accuracy: 0.917 ; loss: 0.213
2018-03-12 21:51:28,164:INFO: - Eval metrics : accuracy: 0.744 ; loss: 0.975
2018-03-12 21:51:28,181:INFO: Epoch 7/10
2018-03-12 21:51:37,067:INFO: - Train metrics: accuracy: 0.958 ; loss: 0.158
2018-03-12 21:51:40,741:INFO: - Eval metrics : accuracy: 0.739 ; loss: 1.074
2018-03-12 21:51:40,766:INFO: Epoch 8/10
2018-03-12 21:51:49,547:INFO: - Train metrics: accuracy: 0.948 ; loss: 0.132
2018-03-12 21:51:53,284:INFO: - Eval metrics : accuracy: 0.746 ; loss: 1.208
2018-03-12 21:51:53,302:INFO: Epoch 9/10
2018-03-12 21:52:02,101:INFO: - Train metrics: accuracy: 0.958 ; loss: 0.106
2018-03-12 21:52:05,832:INFO: - Eval metrics : accuracy: 0.668 ; loss: 1.228
2018-03-12 21:52:05,846:INFO: Epoch 10/10
2018-03-12 21:52:14,666:INFO: - Train metrics: accuracy: 0.896 ; loss: 0.271
2018-03-12 21:52:18,428:INFO: - Eval metrics : accuracy: 0.719 ; loss: 1.354
2018-03-12 22:01:09,351:INFO: Loading the datasets...
2018-03-12 22:01:09,410:INFO: - done.
2018-03-12 22:01:09,531:INFO: Starting training for 10 epoch(s)
2018-03-12 22:01:09,533:INFO: Epoch 1/10
2018-03-12 22:01:57,149:INFO: Loading the datasets...
2018-03-12 22:01:57,212:INFO: - done.
2018-03-12 22:01:59,284:INFO: Starting training for 10 epoch(s)
2018-03-12 22:01:59,285:INFO: Epoch 1/10
2018-03-12 22:02:52,416:INFO: Loading the datasets...
2018-03-12 22:02:52,465:INFO: - done.
2018-03-12 22:02:54,448:INFO: Starting training for 10 epoch(s)
2018-03-12 22:02:54,449:INFO: Epoch 1/10
2018-03-12 22:03:25,858:INFO: Loading the datasets...
2018-03-12 22:03:25,919:INFO: - done.
2018-03-12 22:03:26,095:INFO: Starting training for 10 epoch(s)
2018-03-12 22:03:26,096:INFO: Epoch 1/10
2018-03-12 22:03:43,364:INFO: - Train metrics: accuracy: 0.740 ; loss: 0.514
2018-03-12 22:03:47,279:INFO: - Eval metrics : accuracy: 0.746 ; loss: 0.566
2018-03-12 22:03:47,458:INFO: - Found new best accuracy
2018-03-12 22:03:47,459:INFO: Epoch 2/10
2018-03-12 22:04:03,659:INFO: - Train metrics: accuracy: 0.760 ; loss: 0.520
2018-03-12 22:04:07,655:INFO: - Eval metrics : accuracy: 0.714 ; loss: 0.702
2018-03-12 22:04:07,767:INFO: Epoch 3/10
2018-03-12 22:04:24,318:INFO: - Train metrics: accuracy: 0.719 ; loss: 0.557
2018-03-12 22:04:28,287:INFO: - Eval metrics : accuracy: 0.706 ; loss: 0.752
2018-03-12 22:04:28,399:INFO: Epoch 4/10
2018-03-12 22:04:43,358:INFO: - Train metrics: accuracy: 0.833 ; loss: 0.472
2018-03-12 22:04:47,235:INFO: - Eval metrics : accuracy: 0.710 ; loss: 0.662
2018-03-12 22:04:47,349:INFO: Epoch 5/10
2018-03-12 22:05:01,118:INFO: - Train metrics: accuracy: 0.812 ; loss: 0.441
2018-03-12 22:05:05,047:INFO: - Eval metrics : accuracy: 0.671 ; loss: 0.787
2018-03-12 22:05:05,158:INFO: Epoch 6/10
2018-03-12 22:05:21,547:INFO: - Train metrics: accuracy: 0.802 ; loss: 0.384
2018-03-12 22:05:25,475:INFO: - Eval metrics : accuracy: 0.705 ; loss: 0.724
2018-03-12 22:05:25,617:INFO: Epoch 7/10
2018-03-12 22:05:41,127:INFO: - Train metrics: accuracy: 0.823 ; loss: 0.343
2018-03-12 22:05:45,079:INFO: - Eval metrics : accuracy: 0.691 ; loss: 0.806
2018-03-12 22:05:45,192:INFO: Epoch 8/10
2018-03-12 22:08:07,096:INFO: Loading the datasets...
2018-03-12 22:08:07,149:INFO: - done.
2018-03-12 22:08:09,300:INFO: Starting training for 10 epoch(s)
2018-03-12 22:08:09,300:INFO: Epoch 1/10
2018-03-12 22:09:20,588:INFO: Loading the datasets...
2018-03-12 22:09:20,649:INFO: - done.
2018-03-12 22:09:20,817:INFO: Starting training for 10 epoch(s)
2018-03-12 22:09:20,818:INFO: Epoch 1/10
2018-03-12 22:10:31,110:INFO: Loading the datasets...
2018-03-12 22:10:31,171:INFO: - done.
2018-03-12 22:10:31,297:INFO: Starting training for 10 epoch(s)
2018-03-12 22:10:31,298:INFO: Epoch 1/10
2018-03-12 22:12:03,989:INFO: Loading the datasets...
2018-03-12 22:12:04,051:INFO: - done.
2018-03-12 22:12:04,170:INFO: Starting training for 10 epoch(s)
2018-03-12 22:12:04,171:INFO: Epoch 1/10
2018-03-12 22:13:05,029:INFO: Loading the datasets...
2018-03-12 22:13:05,089:INFO: - done.
2018-03-12 22:13:05,220:INFO: Starting training for 10 epoch(s)
2018-03-12 22:13:05,220:INFO: Epoch 1/10
2018-03-12 22:13:23,478:INFO: Loading the datasets...
2018-03-12 22:13:23,534:INFO: - done.
2018-03-12 22:13:23,636:INFO: Starting training for 10 epoch(s)
2018-03-12 22:13:23,637:INFO: Epoch 1/10
2018-03-12 22:13:46,777:INFO: Loading the datasets...
2018-03-12 22:13:46,810:INFO: - done.
2018-03-12 22:13:46,911:INFO: Starting training for 10 epoch(s)
2018-03-12 22:13:46,912:INFO: Epoch 1/10
2018-03-12 22:14:22,847:INFO: Loading the datasets...
2018-03-12 22:14:22,889:INFO: - done.
2018-03-12 22:14:24,879:INFO: Starting training for 10 epoch(s)
2018-03-12 22:14:24,880:INFO: Epoch 1/10
2018-03-12 22:14:49,197:INFO: Loading the datasets...
2018-03-12 22:14:49,258:INFO: - done.
2018-03-12 22:14:49,404:INFO: Starting training for 10 epoch(s)
2018-03-12 22:14:49,405:INFO: Epoch 1/10
2018-03-12 22:15:41,582:INFO: Loading the datasets...
2018-03-12 22:15:41,642:INFO: - done.
2018-03-12 22:15:41,762:INFO: Starting training for 10 epoch(s)
2018-03-12 22:15:41,764:INFO: Epoch 1/10
2018-03-12 22:17:00,691:INFO: Loading the datasets...
2018-03-12 22:17:00,750:INFO: - done.
2018-03-12 22:17:00,866:INFO: Starting training for 10 epoch(s)
2018-03-12 22:17:00,867:INFO: Epoch 1/10
2018-03-12 22:17:17,398:INFO: Loading the datasets...
2018-03-12 22:17:17,459:INFO: - done.
2018-03-12 22:17:17,581:INFO: Starting training for 10 epoch(s)
2018-03-12 22:17:17,583:INFO: Epoch 1/10
2018-03-12 22:17:53,458:INFO: Loading the datasets...
2018-03-12 22:17:53,518:INFO: - done.
2018-03-12 22:17:53,637:INFO: Starting training for 10 epoch(s)
2018-03-12 22:17:53,638:INFO: Epoch 1/10
2018-03-12 22:19:41,397:INFO: Loading the datasets...
2018-03-12 22:19:41,457:INFO: - done.
2018-03-12 22:19:41,621:INFO: Starting training for 10 epoch(s)
2018-03-12 22:19:41,622:INFO: Epoch 1/10
2018-03-12 22:21:08,178:INFO: Loading the datasets...
2018-03-12 22:21:08,240:INFO: - done.
2018-03-12 22:21:08,372:INFO: Starting training for 10 epoch(s)
2018-03-12 22:21:08,373:INFO: Epoch 1/10
2018-03-12 22:21:27,558:INFO: Loading the datasets...
2018-03-12 22:21:27,614:INFO: - done.
2018-03-12 22:21:27,723:INFO: Starting training for 10 epoch(s)
2018-03-12 22:21:27,724:INFO: Epoch 1/10
2018-03-12 22:21:46,118:INFO: Loading the datasets...
2018-03-12 22:21:46,178:INFO: - done.
2018-03-12 22:21:48,274:INFO: Starting training for 10 epoch(s)
2018-03-12 22:21:48,275:INFO: Epoch 1/10
2018-03-12 22:22:37,916:INFO: Loading the datasets...
2018-03-12 22:22:37,982:INFO: - done.
2018-03-12 22:22:38,149:INFO: Starting training for 10 epoch(s)
2018-03-12 22:22:38,150:INFO: Epoch 1/10
2018-03-12 22:24:32,562:INFO: Loading the datasets...
2018-03-12 22:24:32,623:INFO: - done.
2018-03-12 22:24:34,838:INFO: Starting training for 10 epoch(s)
2018-03-12 22:24:34,838:INFO: Epoch 1/10
2018-03-12 22:25:03,757:INFO: Loading the datasets...
2018-03-12 22:25:03,817:INFO: - done.
2018-03-12 22:25:03,982:INFO: Starting training for 10 epoch(s)
2018-03-12 22:25:03,983:INFO: Epoch 1/10
2018-03-12 22:26:10,481:INFO: Loading the datasets...
2018-03-12 22:26:10,542:INFO: - done.
2018-03-12 22:26:12,574:INFO: Starting training for 10 epoch(s)
2018-03-12 22:26:12,575:INFO: Epoch 1/10
2018-03-12 22:27:20,331:INFO: Loading the datasets...
2018-03-12 22:27:20,365:INFO: - done.
2018-03-12 22:27:22,382:INFO: Starting training for 10 epoch(s)
2018-03-12 22:27:22,383:INFO: Epoch 1/10
2018-03-12 22:28:06,672:INFO: Loading the datasets...
2018-03-12 22:28:06,721:INFO: - done.
2018-03-12 22:28:06,856:INFO: Starting training for 10 epoch(s)
2018-03-12 22:28:06,857:INFO: Epoch 1/10
2018-03-12 22:32:28,065:INFO: Loading the datasets...
2018-03-12 22:32:28,126:INFO: - done.
2018-03-12 22:32:30,221:INFO: Starting training for 10 epoch(s)
2018-03-12 22:32:30,222:INFO: Epoch 1/10
2018-03-12 22:35:13,092:INFO: Loading the datasets...
2018-03-12 22:35:13,157:INFO: - done.
2018-03-12 22:35:13,320:INFO: Starting training for 10 epoch(s)
2018-03-12 22:35:13,321:INFO: Epoch 1/10
2018-03-12 22:36:32,101:INFO: Loading the datasets...
2018-03-12 22:36:32,162:INFO: - done.
2018-03-12 22:36:32,289:INFO: Starting training for 10 epoch(s)
2018-03-12 22:36:32,290:INFO: Epoch 1/10
2018-03-12 22:37:14,943:INFO: - Train metrics: accuracy: 0.615 ; loss: 0.627
2018-03-12 22:37:20,923:INFO: - Eval metrics : accuracy: 0.739 ; loss: 0.591
2018-03-12 22:37:21,136:INFO: - Found new best accuracy
2018-03-12 22:37:21,137:INFO: Epoch 2/10
2018-03-12 22:37:57,352:INFO: - Train metrics: accuracy: 0.740 ; loss: 0.567
2018-03-12 22:38:03,156:INFO: - Eval metrics : accuracy: 0.732 ; loss: 0.580
2018-03-12 22:38:03,262:INFO: Epoch 3/10
2018-03-12 22:38:37,571:INFO: - Train metrics: accuracy: 0.719 ; loss: 0.618
2018-03-12 22:45:51,798:INFO: Loading the datasets...
2018-03-12 22:45:51,847:INFO: - done.
2018-03-12 22:45:51,959:INFO: Starting training for 10 epoch(s)
2018-03-12 22:45:51,960:INFO: Epoch 1/10
2018-03-12 22:48:17,542:INFO: Loading the datasets...
2018-03-12 22:48:17,599:INFO: - done.
2018-03-12 22:48:17,746:INFO: Starting training for 10 epoch(s)
2018-03-12 22:48:17,747:INFO: Epoch 1/10
2018-03-12 22:48:59,513:INFO: Loading the datasets...
2018-03-12 22:48:59,515:INFO: - done.
2018-03-12 22:49:01,636:INFO: Starting training for 10 epoch(s)
2018-03-12 22:49:01,637:INFO: Epoch 1/10
2018-03-12 23:03:26,092:INFO: Loading the datasets...
2018-03-12 23:03:26,095:INFO: - done.
2018-03-12 23:03:26,292:INFO: Starting training for 10 epoch(s)
2018-03-12 23:03:26,293:INFO: Epoch 1/10
2018-03-12 23:03:27,543:INFO: - Train metrics: accuracy: 0.500 ; loss: 0.698
2018-03-12 23:03:28,176:INFO: - Eval metrics : accuracy: 1.000 ; loss: 0.688
2018-03-12 23:03:28,405:INFO: - Found new best accuracy
2018-03-12 23:03:28,408:INFO: Epoch 2/10
2018-03-12 23:03:28,872:INFO: - Train metrics: accuracy: 0.500 ; loss: 0.805
2018-03-12 23:03:29,418:INFO: - Eval metrics : accuracy: 1.000 ; loss: 0.655
2018-03-12 23:03:29,667:INFO: - Found new best accuracy
2018-03-12 23:03:29,668:INFO: Epoch 3/10
2018-03-12 23:03:30,409:INFO: - Train metrics: accuracy: 0.500 ; loss: 0.674
2018-03-12 23:03:31,084:INFO: - Eval metrics : accuracy: 1.000 ; loss: 0.571
2018-03-12 23:03:31,338:INFO: - Found new best accuracy
2018-03-12 23:03:31,341:INFO: Epoch 4/10
2018-03-12 23:03:31,998:INFO: - Train metrics: accuracy: 0.500 ; loss: 1.983
2018-03-12 23:03:32,546:INFO: - Eval metrics : accuracy: 1.000 ; loss: 0.512
2018-03-12 23:03:32,778:INFO: - Found new best accuracy
2018-03-12 23:03:32,780:INFO: Epoch 5/10
2018-03-12 23:03:33,333:INFO: - Train metrics: accuracy: 0.500 ; loss: 0.701
2018-03-12 23:03:33,884:INFO: - Eval metrics : accuracy: 1.000 ; loss: 0.482
2018-03-12 23:03:34,108:INFO: - Found new best accuracy
2018-03-12 23:03:34,109:INFO: Epoch 6/10
2018-03-12 23:03:34,804:INFO: - Train metrics: accuracy: 1.000 ; loss: 0.636
2018-03-12 23:03:35,362:INFO: - Eval metrics : accuracy: 1.000 ; loss: 0.502
2018-03-12 23:03:35,685:INFO: - Found new best accuracy
2018-03-12 23:03:35,686:INFO: Epoch 7/10
2018-03-12 23:03:36,233:INFO: - Train metrics: accuracy: 0.500 ; loss: 0.749
2018-03-12 23:03:36,751:INFO: - Eval metrics : accuracy: 1.000 ; loss: 0.511
2018-03-12 23:03:37,001:INFO: - Found new best accuracy
2018-03-12 23:03:37,002:INFO: Epoch 8/10
2018-03-12 23:03:37,515:INFO: - Train metrics: accuracy: 0.500 ; loss: 0.783
2018-03-12 23:03:38,031:INFO: - Eval metrics : accuracy: 1.000 ; loss: 0.541
2018-03-12 23:03:38,281:INFO: - Found new best accuracy
2018-03-12 23:03:38,282:INFO: Epoch 9/10
2018-03-12 23:03:38,830:INFO: - Train metrics: accuracy: 1.000 ; loss: 0.607
2018-03-12 23:03:39,350:INFO: - Eval metrics : accuracy: 1.000 ; loss: 0.601
2018-03-12 23:03:39,636:INFO: - Found new best accuracy
2018-03-12 23:03:39,638:INFO: Epoch 10/10
2018-03-12 23:03:50,393:INFO: Loading the datasets...
2018-03-12 23:03:50,396:INFO: - done.
2018-03-12 23:03:50,533:INFO: Starting training for 10 epoch(s)
2018-03-12 23:03:50,535:INFO: Epoch 1/10
2018-03-12 23:03:51,118:INFO: - Train metrics: accuracy: 0.500 ; loss: 0.693
2018-03-12 23:03:51,598:INFO: - Eval metrics : accuracy: 1.000 ; loss: 0.680
2018-03-12 23:03:51,885:INFO: - Found new best accuracy
2018-03-12 23:03:51,887:INFO: Epoch 2/10
2018-03-12 23:03:52,336:INFO: - Train metrics: accuracy: 0.500 ; loss: 1.083
2018-03-12 23:03:52,787:INFO: - Eval metrics : accuracy: 1.000 ; loss: 0.693
2018-03-12 23:03:53,084:INFO: - Found new best accuracy
2018-03-12 23:03:53,086:INFO: Epoch 3/10
2018-03-12 23:03:53,501:INFO: - Train metrics: accuracy: 0.500 ; loss: 0.718
2018-03-12 23:03:53,955:INFO: - Eval metrics : accuracy: 1.000 ; loss: 0.690
2018-03-12 23:03:54,265:INFO: - Found new best accuracy
2018-03-12 23:03:54,266:INFO: Epoch 4/10
2018-03-12 23:03:54,721:INFO: - Train metrics: accuracy: 0.500 ; loss: 1.289
2018-03-12 23:03:55,096:INFO: - Eval metrics : accuracy: 1.000 ; loss: 0.672
2018-03-12 23:03:55,398:INFO: - Found new best accuracy
2018-03-12 23:03:55,400:INFO: Epoch 5/10
2018-03-12 23:03:55,911:INFO: - Train metrics: accuracy: 0.500 ; loss: 0.703
2018-03-12 23:03:56,296:INFO: - Eval metrics : accuracy: 1.000 ; loss: 0.625
2018-03-12 23:03:56,618:INFO: - Found new best accuracy
2018-03-12 23:03:56,620:INFO: Epoch 6/10
2018-03-12 23:03:57,019:INFO: - Train metrics: accuracy: 0.500 ; loss: 1.205
2018-03-12 23:03:57,436:INFO: - Eval metrics : accuracy: 1.000 ; loss: 0.579
2018-03-12 23:03:57,748:INFO: - Found new best accuracy
2018-03-12 23:03:57,750:INFO: Epoch 7/10
2018-03-12 23:03:58,163:INFO: - Train metrics: accuracy: 0.500 ; loss: 0.873
2018-03-12 23:03:58,572:INFO: - Eval metrics : accuracy: 1.000 ; loss: 0.525
2018-03-12 23:03:58,885:INFO: - Found new best accuracy
2018-03-12 23:03:58,887:INFO: Epoch 8/10
2018-03-12 23:03:59,436:INFO: - Train metrics: accuracy: 1.000 ; loss: 0.617
2018-03-12 23:04:00,010:INFO: - Eval metrics : accuracy: 1.000 ; loss: 0.480
2018-03-12 23:04:00,340:INFO: - Found new best accuracy
2018-03-12 23:04:00,342:INFO: Epoch 9/10
2018-03-12 23:04:00,823:INFO: - Train metrics: accuracy: 0.500 ; loss: 0.671
2018-03-12 23:04:01,278:INFO: - Eval metrics : accuracy: 1.000 ; loss: 0.472
2018-03-12 23:04:01,628:INFO: - Found new best accuracy
2018-03-12 23:04:01,631:INFO: Epoch 10/10
2018-03-12 23:04:02,174:INFO: - Train metrics: accuracy: 0.500 ; loss: 0.628
2018-03-12 23:04:02,619:INFO: - Eval metrics : accuracy: 1.000 ; loss: 0.440
2018-03-12 23:04:02,954:INFO: - Found new best accuracy
2018-03-12 23:04:47,551:INFO: Loading the datasets...
2018-03-12 23:04:47,552:INFO: - done.
2018-03-12 23:04:47,689:INFO: Starting training for 10 epoch(s)
2018-03-12 23:04:47,690:INFO: Epoch 1/10
2018-03-12 23:04:48,211:INFO: - Train metrics: accuracy: 0.500 ; loss: 0.697
2018-03-12 23:04:48,645:INFO: - Eval metrics : accuracy: 1.000 ; loss: 0.690
2018-03-12 23:04:49,006:INFO: - Found new best accuracy
2018-03-12 23:04:49,007:INFO: Epoch 2/10
2018-03-12 23:04:49,434:INFO: - Train metrics: accuracy: 0.500 ; loss: 0.761
2018-03-12 23:04:49,921:INFO: - Eval metrics : accuracy: 0.000 ; loss: 0.705
2018-03-12 23:04:50,033:INFO: Epoch 3/10
2018-03-12 23:04:50,427:INFO: - Train metrics: accuracy: 0.500 ; loss: 0.810
2018-03-12 23:04:50,851:INFO: - Eval metrics : accuracy: 0.000 ; loss: 0.694
2018-03-12 23:04:50,988:INFO: Epoch 4/10
2018-03-12 23:04:51,496:INFO: - Train metrics: accuracy: 0.500 ; loss: 1.228
2018-03-12 23:04:52,069:INFO: - Eval metrics : accuracy: 1.000 ; loss: 0.684
2018-03-12 23:04:52,420:INFO: - Found new best accuracy
2018-03-12 23:04:52,422:INFO: Epoch 5/10
2018-03-12 23:04:53,091:INFO: - Train metrics: accuracy: 0.500 ; loss: 1.146
2018-03-12 23:04:53,644:INFO: - Eval metrics : accuracy: 1.000 ; loss: 0.667
2018-03-12 23:04:53,995:INFO: - Found new best accuracy
2018-03-12 23:04:53,997:INFO: Epoch 6/10
2018-03-12 23:04:54,445:INFO: - Train metrics: accuracy: 0.500 ; loss: 0.691
2018-03-12 23:04:54,938:INFO: - Eval metrics : accuracy: 0.000 ; loss: 0.698
2018-03-12 23:04:55,052:INFO: Epoch 7/10
2018-03-12 23:04:55,505:INFO: - Train metrics: accuracy: 0.500 ; loss: 0.647
2018-03-12 23:04:55,932:INFO: - Eval metrics : accuracy: 1.000 ; loss: 0.669
2018-03-12 23:04:56,254:INFO: - Found new best accuracy
2018-03-12 23:04:56,256:INFO: Epoch 8/10
2018-03-12 23:04:56,639:INFO: - Train metrics: accuracy: 0.500 ; loss: 0.645
2018-03-12 23:04:57,106:INFO: - Eval metrics : accuracy: 1.000 ; loss: 0.563
2018-03-12 23:04:57,412:INFO: - Found new best accuracy
2018-03-12 23:04:57,413:INFO: Epoch 9/10
2018-03-12 23:04:57,895:INFO: - Train metrics: accuracy: 0.500 ; loss: 0.739
2018-03-12 23:04:58,382:INFO: - Eval metrics : accuracy: 1.000 ; loss: 0.471
2018-03-12 23:04:58,711:INFO: - Found new best accuracy
2018-03-12 23:04:58,713:INFO: Epoch 10/10
2018-03-12 23:04:59,189:INFO: - Train metrics: accuracy: 1.000 ; loss: 0.593
2018-03-12 23:04:59,605:INFO: - Eval metrics : accuracy: 1.000 ; loss: 0.366
2018-03-12 23:04:59,925:INFO: - Found new best accuracy
2018-03-12 23:04:59,962:INFO: Loading the datasets...
2018-03-12 23:04:59,964:INFO: - done.
2018-03-12 23:05:00,077:INFO: Starting training for 10 epoch(s)
2018-03-12 23:05:00,078:INFO: Epoch 1/10
2018-03-12 23:05:00,537:INFO: - Train metrics: accuracy: 0.500 ; loss: 0.693
2018-03-12 23:05:00,990:INFO: - Eval metrics : accuracy: 1.000 ; loss: 0.681
2018-03-12 23:05:01,258:INFO: - Found new best accuracy
2018-03-12 23:05:01,259:INFO: Epoch 2/10
2018-03-12 23:05:01,679:INFO: - Train metrics: accuracy: 0.500 ; loss: 0.851
2018-03-12 23:05:02,048:INFO: - Eval metrics : accuracy: 0.000 ; loss: 0.700
2018-03-12 23:05:02,155:INFO: Epoch 3/10
2018-03-12 23:05:02,631:INFO: - Train metrics: accuracy: 0.500 ; loss: 1.379
2018-03-12 23:05:03,063:INFO: - Eval metrics : accuracy: 1.000 ; loss: 0.685
2018-03-12 23:05:03,344:INFO: - Found new best accuracy
2018-03-12 23:05:03,345:INFO: Epoch 4/10
2018-03-12 23:05:03,820:INFO: - Train metrics: accuracy: 0.500 ; loss: 0.798
2018-03-12 23:05:04,220:INFO: - Eval metrics : accuracy: 1.000 ; loss: 0.646
2018-03-12 23:05:04,500:INFO: - Found new best accuracy
2018-03-12 23:05:04,501:INFO: Epoch 5/10
2018-03-12 23:05:04,926:INFO: - Train metrics: accuracy: 0.500 ; loss: 0.842
2018-03-12 23:05:05,317:INFO: - Eval metrics : accuracy: 1.000 ; loss: 0.594
2018-03-12 23:05:05,606:INFO: - Found new best accuracy
2018-03-12 23:05:05,607:INFO: Epoch 6/10
2018-03-12 23:05:06,028:INFO: - Train metrics: accuracy: 0.500 ; loss: 0.685
2018-03-12 23:05:06,435:INFO: - Eval metrics : accuracy: 1.000 ; loss: 0.549
2018-03-12 23:05:06,712:INFO: - Found new best accuracy
2018-03-12 23:05:06,741:INFO: Epoch 7/10
2018-03-12 23:05:07,234:INFO: - Train metrics: accuracy: 0.500 ; loss: 0.676
2018-03-12 23:05:07,719:INFO: - Eval metrics : accuracy: 1.000 ; loss: 0.470
2018-03-12 23:05:08,023:INFO: - Found new best accuracy
2018-03-12 23:05:08,024:INFO: Epoch 8/10
2018-03-12 23:05:08,545:INFO: - Train metrics: accuracy: 0.500 ; loss: 0.669
2018-03-12 23:05:08,934:INFO: - Eval metrics : accuracy: 1.000 ; loss: 0.398
2018-03-12 23:05:09,208:INFO: - Found new best accuracy
2018-03-12 23:05:09,209:INFO: Epoch 9/10
2018-03-12 23:05:09,644:INFO: - Train metrics: accuracy: 0.500 ; loss: 0.667
2018-03-12 23:05:10,068:INFO: - Eval metrics : accuracy: 1.000 ; loss: 0.370
2018-03-12 23:05:10,351:INFO: - Found new best accuracy
2018-03-12 23:05:10,527:INFO: Epoch 10/10
2018-03-12 23:05:11,032:INFO: - Train metrics: accuracy: 0.500 ; loss: 0.849
2018-03-12 23:05:11,469:INFO: - Eval metrics : accuracy: 1.000 ; loss: 0.356
2018-03-12 23:05:11,747:INFO: - Found new best accuracy
2018-03-12 23:06:02,432:INFO: Loading the datasets...
2018-03-12 23:06:02,434:INFO: - done.
2018-03-12 23:06:02,567:INFO: Starting training for 10 epoch(s)
2018-03-12 23:06:02,568:INFO: Epoch 1/10
2018-03-12 23:06:03,165:INFO: - Train metrics: accuracy: 0.500 ; loss: 0.693
2018-03-12 23:06:03,675:INFO: - Eval metrics : accuracy: 1.000 ; loss: 0.685
2018-03-12 23:06:03,969:INFO: - Found new best accuracy
2018-03-12 23:06:03,970:INFO: Epoch 2/10
2018-03-12 23:06:04,590:INFO: - Train metrics: accuracy: 0.500 ; loss: 0.703
2018-03-12 23:06:05,005:INFO: - Eval metrics : accuracy: 1.000 ; loss: 0.658
2018-03-12 23:06:05,287:INFO: - Found new best accuracy
2018-03-12 23:06:05,289:INFO: Epoch 3/10
2018-03-12 23:06:05,784:INFO: - Train metrics: accuracy: 0.500 ; loss: 1.556
2018-03-12 23:06:06,159:INFO: - Eval metrics : accuracy: 1.000 ; loss: 0.639
2018-03-12 23:06:06,427:INFO: - Found new best accuracy
2018-03-12 23:06:06,428:INFO: Epoch 4/10
2018-03-12 23:06:06,873:INFO: - Train metrics: accuracy: 0.500 ; loss: 0.902
2018-03-12 23:06:07,284:INFO: - Eval metrics : accuracy: 1.000 ; loss: 0.646
2018-03-12 23:06:07,601:INFO: - Found new best accuracy
2018-03-12 23:06:07,603:INFO: Epoch 5/10
2018-03-12 23:06:08,098:INFO: - Train metrics: accuracy: 0.500 ; loss: 0.660
2018-03-12 23:06:08,550:INFO: - Eval metrics : accuracy: 1.000 ; loss: 0.651
2018-03-12 23:06:08,841:INFO: - Found new best accuracy
2018-03-12 23:06:08,843:INFO: Epoch 6/10
2018-03-12 23:06:09,321:INFO: - Train metrics: accuracy: 0.500 ; loss: 0.828
2018-03-12 23:06:09,822:INFO: - Eval metrics : accuracy: 1.000 ; loss: 0.642
2018-03-12 23:06:10,169:INFO: - Found new best accuracy
2018-03-12 23:06:10,171:INFO: Epoch 7/10
2018-03-12 23:06:10,727:INFO: - Train metrics: accuracy: 0.500 ; loss: 0.792
2018-03-12 23:06:11,136:INFO: - Eval metrics : accuracy: 1.000 ; loss: 0.619
2018-03-12 23:06:11,404:INFO: - Found new best accuracy
2018-03-12 23:06:11,406:INFO: Epoch 8/10
2018-03-12 23:06:11,869:INFO: - Train metrics: accuracy: 0.500 ; loss: 0.845
2018-03-12 23:06:12,239:INFO: - Eval metrics : accuracy: 1.000 ; loss: 0.526
2018-03-12 23:06:12,536:INFO: - Found new best accuracy
2018-03-12 23:06:12,686:INFO: Epoch 9/10
2018-03-12 23:07:08,133:INFO: Loading the datasets...
2018-03-12 23:07:08,134:INFO: - done.
2018-03-12 23:07:10,185:INFO: Starting training for 10 epoch(s)
2018-03-12 23:07:10,186:INFO: Epoch 1/10
2018-03-12 23:07:11,319:INFO: - Train metrics: accuracy: 0.500 ; loss: 0.694
2018-03-12 23:07:11,803:INFO: - Eval metrics : accuracy: 1.000 ; loss: 0.687
2018-03-12 23:07:12,115:INFO: - Found new best accuracy
2018-03-12 23:07:12,117:INFO: Epoch 2/10
2018-03-12 23:07:12,517:ERROR: Internal Python error in the inspect module.
Below is the traceback from this internal error.

2018-03-12 23:07:12,525:INFO: 
Unfortunately, your original traceback can not be constructed.

2018-03-12 23:07:51,296:INFO: Loading the datasets...
2018-03-12 23:07:51,298:INFO: - done.
2018-03-12 23:07:51,437:INFO: Starting training for 10 epoch(s)
2018-03-12 23:07:51,438:INFO: Epoch 1/10
2018-03-12 23:07:52,079:INFO: - Train metrics: accuracy: 0.500 ; loss: 0.696
2018-03-12 23:07:52,518:INFO: - Eval metrics : accuracy: 1.000 ; loss: 0.685
2018-03-12 23:07:52,801:INFO: - Found new best accuracy
2018-03-12 23:07:52,802:INFO: Epoch 2/10
2018-03-12 23:07:53,324:INFO: - Train metrics: accuracy: 0.500 ; loss: 1.167
2018-03-12 23:07:53,769:INFO: - Eval metrics : accuracy: 1.000 ; loss: 0.672
2018-03-12 23:07:54,055:INFO: - Found new best accuracy
2018-03-12 23:07:54,057:INFO: Epoch 3/10
2018-03-12 23:07:54,629:INFO: - Train metrics: accuracy: 0.500 ; loss: 1.204
2018-03-12 23:07:55,197:INFO: - Eval metrics : accuracy: 1.000 ; loss: 0.650
2018-03-12 23:07:55,545:INFO: - Found new best accuracy
2018-03-12 23:07:55,547:INFO: Epoch 4/10
2018-03-12 23:07:56,092:INFO: - Train metrics: accuracy: 0.500 ; loss: 0.925
2018-03-12 23:07:56,567:INFO: - Eval metrics : accuracy: 1.000 ; loss: 0.615
2018-03-12 23:07:56,847:INFO: - Found new best accuracy
2018-03-12 23:07:56,848:INFO: Epoch 5/10
2018-03-12 23:07:57,378:INFO: - Train metrics: accuracy: 0.500 ; loss: 0.654
2018-03-12 23:07:57,820:INFO: - Eval metrics : accuracy: 1.000 ; loss: 0.599
2018-03-12 23:07:58,107:INFO: - Found new best accuracy
2018-03-12 23:07:58,110:INFO: Epoch 6/10
2018-03-12 23:07:58,657:INFO: - Train metrics: accuracy: 0.500 ; loss: 0.685
2018-03-12 23:07:59,141:INFO: - Eval metrics : accuracy: 1.000 ; loss: 0.571
2018-03-12 23:07:59,423:INFO: - Found new best accuracy
2018-03-12 23:07:59,424:INFO: Epoch 7/10
2018-03-12 23:08:00,019:INFO: - Train metrics: accuracy: 0.500 ; loss: 0.628
2018-03-12 23:08:00,447:INFO: - Eval metrics : accuracy: 1.000 ; loss: 0.537
2018-03-12 23:08:00,750:INFO: - Found new best accuracy
2018-03-12 23:08:00,753:INFO: Epoch 8/10
2018-03-12 23:08:01,251:INFO: - Train metrics: accuracy: 0.500 ; loss: 0.627
2018-03-12 23:08:01,667:INFO: - Eval metrics : accuracy: 1.000 ; loss: 0.504
2018-03-12 23:08:01,938:INFO: - Found new best accuracy
2018-03-12 23:08:01,939:INFO: Epoch 9/10
2018-03-12 23:08:02,344:INFO: - Train metrics: accuracy: 0.500 ; loss: 0.612
2018-03-12 23:08:02,819:INFO: - Eval metrics : accuracy: 1.000 ; loss: 0.486
2018-03-12 23:08:03,112:INFO: - Found new best accuracy
2018-03-12 23:08:03,113:INFO: Epoch 10/10
2018-03-12 23:08:03,555:INFO: - Train metrics: accuracy: 0.500 ; loss: 0.642
2018-03-12 23:08:04,056:INFO: - Eval metrics : accuracy: 1.000 ; loss: 0.459
2018-03-12 23:08:04,366:INFO: - Found new best accuracy
2018-03-12 23:10:38,499:INFO: Loading the datasets...
2018-03-12 23:10:38,502:INFO: - done.
2018-03-12 23:10:38,663:INFO: Starting training for 10 epoch(s)
2018-03-12 23:10:38,665:INFO: Epoch 1/10
2018-03-12 23:10:39,327:INFO: - Train metrics: accuracy: 0.500 ; loss: 0.700
2018-03-12 23:10:39,862:INFO: - Eval metrics : accuracy: 1.000 ; loss: 0.679
2018-03-12 23:10:40,149:INFO: - Found new best accuracy
2018-03-12 23:10:40,151:INFO: Epoch 2/10
2018-03-12 23:10:40,701:INFO: - Train metrics: accuracy: 0.500 ; loss: 0.686
2018-03-12 23:12:24,341:INFO: Loading the datasets...
2018-03-12 23:12:24,344:INFO: - done.
2018-03-12 23:12:24,511:INFO: Starting training for 10 epoch(s)
2018-03-12 23:12:24,512:INFO: Epoch 1/10
2018-03-12 23:14:52,798:INFO: Loading the datasets...
2018-03-12 23:14:52,800:INFO: - done.
2018-03-12 23:14:52,922:INFO: Starting training for 10 epoch(s)
2018-03-12 23:14:52,923:INFO: Epoch 1/10
2018-03-12 23:14:53,997:INFO: - Train metrics: accuracy: 0.500 ; loss: 0.701
2018-03-12 23:14:55,116:INFO: - Eval metrics : accuracy: 1.000 ; loss: 0.676
2018-03-12 23:14:55,440:INFO: - Found new best accuracy
2018-03-12 23:14:55,443:INFO: Epoch 2/10
2018-03-12 23:14:56,326:INFO: - Train metrics: accuracy: 0.500 ; loss: 1.152
2018-03-12 23:14:57,279:INFO: - Eval metrics : accuracy: 0.000 ; loss: 0.698
2018-03-12 23:14:57,394:INFO: Epoch 3/10
2018-03-12 23:14:58,352:INFO: - Train metrics: accuracy: 0.500 ; loss: 0.828
2018-03-12 23:14:59,303:INFO: - Eval metrics : accuracy: 1.000 ; loss: 0.660
2018-03-12 23:14:59,575:INFO: - Found new best accuracy
2018-03-12 23:14:59,576:INFO: Epoch 4/10
2018-03-12 23:15:00,477:INFO: - Train metrics: accuracy: 0.500 ; loss: 0.686
2018-03-12 23:15:01,346:INFO: - Eval metrics : accuracy: 1.000 ; loss: 0.629
2018-03-12 23:15:01,646:INFO: - Found new best accuracy
2018-03-12 23:15:01,647:INFO: Epoch 5/10
2018-03-12 23:15:02,524:INFO: - Train metrics: accuracy: 0.500 ; loss: 1.203
2018-03-12 23:15:03,518:INFO: - Eval metrics : accuracy: 1.000 ; loss: 0.559
2018-03-12 23:15:03,839:INFO: - Found new best accuracy
2018-03-12 23:15:03,841:INFO: Epoch 6/10
2018-03-12 23:15:04,976:INFO: - Train metrics: accuracy: 0.500 ; loss: 0.662
2018-03-12 23:15:06,104:INFO: - Eval metrics : accuracy: 1.000 ; loss: 0.498
2018-03-12 23:15:06,401:INFO: - Found new best accuracy
2018-03-12 23:15:06,402:INFO: Epoch 7/10
2018-03-12 23:15:07,334:ERROR: Internal Python error in the inspect module.
Below is the traceback from this internal error.

2018-03-12 23:15:07,338:INFO: 
Unfortunately, your original traceback can not be constructed.

2018-03-12 23:18:27,295:INFO: Loading the datasets...
2018-03-12 23:18:27,298:INFO: - done.
2018-03-12 23:18:27,425:INFO: Starting training for 10 epoch(s)
2018-03-12 23:18:27,426:INFO: Epoch 1/10
2018-03-12 23:19:08,755:INFO: Loading the datasets...
2018-03-12 23:19:08,758:INFO: - done.
2018-03-12 23:19:08,901:INFO: Starting training for 10 epoch(s)
2018-03-12 23:19:08,903:INFO: Epoch 1/10
2018-03-12 23:19:09,539:INFO: - Train metrics: accuracy: 0.500 ; loss: 0.696
2018-03-12 23:19:10,129:INFO: - Eval metrics : accuracy: 1.000 ; loss: 0.678
2018-03-12 23:19:10,477:INFO: - Found new best accuracy
2018-03-12 23:19:10,479:INFO: Epoch 2/10
2018-03-12 23:19:11,089:INFO: - Train metrics: accuracy: 0.500 ; loss: 0.715
2018-03-12 23:19:11,770:INFO: - Eval metrics : accuracy: 1.000 ; loss: 0.679
2018-03-12 23:19:12,172:INFO: - Found new best accuracy
2018-03-12 23:19:12,175:INFO: Epoch 3/10
2018-03-12 23:19:12,824:INFO: - Train metrics: accuracy: 0.500 ; loss: 0.913
2018-03-12 23:19:13,480:INFO: - Eval metrics : accuracy: 1.000 ; loss: 0.668
2018-03-12 23:19:13,835:INFO: - Found new best accuracy
2018-03-12 23:19:14,039:INFO: Epoch 4/10
2018-03-12 23:20:13,527:INFO: Loading the datasets...
2018-03-12 23:20:13,530:INFO: - done.
2018-03-12 23:20:15,845:INFO: Starting training for 10 epoch(s)
2018-03-12 23:20:15,846:INFO: Epoch 1/10
2018-03-12 23:20:17,106:INFO: - Train metrics: accuracy: 0.500 ; loss: 0.702
2018-03-12 23:20:17,548:INFO: - Eval metrics : accuracy: 1.000 ; loss: 0.689
2018-03-12 23:20:17,947:INFO: - Found new best accuracy
2018-03-12 23:20:17,949:INFO: Epoch 2/10
2018-03-12 23:20:18,592:INFO: - Train metrics: accuracy: 0.500 ; loss: 1.104
2018-03-12 23:20:19,078:INFO: - Eval metrics : accuracy: 0.000 ; loss: 0.697
2018-03-12 23:20:19,192:INFO: Epoch 3/10
2018-03-12 23:20:19,746:INFO: - Train metrics: accuracy: 0.500 ; loss: 0.834
2018-03-12 23:20:20,198:INFO: - Eval metrics : accuracy: 1.000 ; loss: 0.650
2018-03-12 23:20:20,545:INFO: - Found new best accuracy
2018-03-12 23:20:20,546:INFO: Epoch 4/10
2018-03-12 23:20:20,947:INFO: - Train metrics: accuracy: 0.500 ; loss: 0.975
2018-03-12 23:20:21,381:INFO: - Eval metrics : accuracy: 1.000 ; loss: 0.565
2018-03-12 23:20:21,754:INFO: - Found new best accuracy
2018-03-12 23:20:21,756:INFO: Epoch 5/10
2018-03-12 23:20:22,274:INFO: - Train metrics: accuracy: 0.500 ; loss: 1.351
2018-03-12 23:20:22,794:INFO: - Eval metrics : accuracy: 1.000 ; loss: 0.527
2018-03-12 23:20:23,188:INFO: - Found new best accuracy
2018-03-12 23:20:23,190:INFO: Epoch 6/10
2018-03-12 23:20:23,682:INFO: - Train metrics: accuracy: 0.500 ; loss: 0.705
2018-03-12 23:20:24,095:INFO: - Eval metrics : accuracy: 1.000 ; loss: 0.525
2018-03-12 23:20:24,446:INFO: - Found new best accuracy
2018-03-12 23:20:24,448:INFO: Epoch 7/10
2018-03-12 23:20:24,935:INFO: - Train metrics: accuracy: 0.500 ; loss: 0.637
2018-03-12 23:20:25,308:INFO: - Eval metrics : accuracy: 1.000 ; loss: 0.538
2018-03-12 23:20:25,700:INFO: - Found new best accuracy
2018-03-12 23:20:25,701:INFO: Epoch 8/10
2018-03-12 23:20:26,199:INFO: - Train metrics: accuracy: 1.000 ; loss: 0.618
2018-03-12 23:20:26,678:INFO: - Eval metrics : accuracy: 1.000 ; loss: 0.556
2018-03-12 23:20:27,034:INFO: - Found new best accuracy
2018-03-12 23:20:27,035:INFO: Epoch 9/10
2018-03-12 23:20:27,512:INFO: - Train metrics: accuracy: 0.500 ; loss: 0.624
2018-03-12 23:20:27,987:INFO: - Eval metrics : accuracy: 1.000 ; loss: 0.582
2018-03-12 23:20:28,354:INFO: - Found new best accuracy
2018-03-12 23:20:28,355:INFO: Epoch 10/10
2018-03-12 23:20:28,886:INFO: - Train metrics: accuracy: 0.500 ; loss: 0.603
2018-03-12 23:20:29,407:INFO: - Eval metrics : accuracy: 1.000 ; loss: 0.621
2018-03-12 23:20:29,805:INFO: - Found new best accuracy
2018-03-12 23:21:37,029:INFO: Loading the datasets...
2018-03-12 23:21:37,031:INFO: - done.
2018-03-12 23:21:37,138:INFO: Starting training for 10 epoch(s)
2018-03-12 23:21:37,139:INFO: Epoch 1/10
2018-03-12 23:24:09,675:INFO: Loading the datasets...
2018-03-12 23:24:09,679:INFO: - done.
2018-03-12 23:24:09,873:INFO: Starting training for 10 epoch(s)
2018-03-12 23:24:09,874:INFO: Epoch 1/10
2018-03-12 23:25:38,353:INFO: Loading the datasets...
2018-03-12 23:25:38,356:INFO: - done.
2018-03-12 23:25:38,502:INFO: Starting training for 10 epoch(s)
2018-03-12 23:25:38,503:INFO: Epoch 1/10
2018-03-12 23:27:00,840:INFO: Loading the datasets...
2018-03-12 23:27:00,842:INFO: - done.
2018-03-12 23:27:03,026:INFO: Starting training for 10 epoch(s)
2018-03-12 23:27:03,027:INFO: Epoch 1/10
2018-03-12 23:30:07,809:INFO: Loading the datasets...
2018-03-12 23:30:07,811:INFO: - done.
2018-03-12 23:30:07,997:INFO: Starting training for 10 epoch(s)
2018-03-12 23:30:07,998:INFO: Epoch 1/10
2018-03-12 23:30:18,995:INFO: - Train metrics: accuracy: 0.500 ; loss: 0.693
2018-03-12 23:30:25,723:INFO: - Eval metrics : accuracy: 0.000 ; loss: 0.718
2018-03-12 23:30:26,139:INFO: - Found new best accuracy
2018-03-12 23:30:26,141:INFO: Epoch 2/10
2018-03-12 23:30:28,112:INFO: - Train metrics: accuracy: 0.500 ; loss: 1.078
2018-03-12 23:30:30,903:INFO: - Eval metrics : accuracy: 0.000 ; loss: 0.882
2018-03-12 23:30:31,309:INFO: - Found new best accuracy
2018-03-12 23:30:31,312:INFO: Epoch 3/10
2018-03-12 23:31:09,600:INFO: Loading the datasets...
2018-03-12 23:31:09,602:INFO: - done.
2018-03-12 23:31:11,864:INFO: Starting training for 10 epoch(s)
2018-03-12 23:31:11,865:INFO: Epoch 1/10
2018-03-12 23:31:13,598:INFO: - Train metrics: accuracy: 0.500 ; loss: 0.693
2018-03-12 23:31:14,190:INFO: - Eval metrics : accuracy: 1.000 ; loss: 0.674
2018-03-12 23:31:14,581:INFO: - Found new best accuracy
2018-03-12 23:31:14,583:INFO: Epoch 2/10
2018-03-12 23:31:15,354:INFO: - Train metrics: accuracy: 0.500 ; loss: 1.217
2018-03-12 23:31:15,863:INFO: - Eval metrics : accuracy: 1.000 ; loss: 0.678
2018-03-12 23:31:16,220:INFO: - Found new best accuracy
2018-03-12 23:31:16,222:INFO: Epoch 3/10
2018-03-12 23:31:16,912:INFO: - Train metrics: accuracy: 0.500 ; loss: 1.008
2018-03-12 23:31:17,410:INFO: - Eval metrics : accuracy: 0.000 ; loss: 0.864
2018-03-12 23:31:17,532:INFO: Epoch 4/10
2018-03-12 23:31:18,151:INFO: - Train metrics: accuracy: 0.500 ; loss: 0.821
2018-03-12 23:31:18,612:INFO: - Eval metrics : accuracy: 0.000 ; loss: 0.800
2018-03-12 23:31:18,734:INFO: Epoch 5/10
2018-03-12 23:31:19,472:INFO: - Train metrics: accuracy: 0.500 ; loss: 0.659
2018-03-12 23:31:19,927:INFO: - Eval metrics : accuracy: 1.000 ; loss: 0.509
2018-03-12 23:31:20,205:INFO: - Found new best accuracy
2018-03-12 23:31:20,207:INFO: Epoch 6/10
2018-03-12 23:31:20,793:INFO: - Train metrics: accuracy: 0.500 ; loss: 0.661
2018-03-12 23:31:21,224:INFO: - Eval metrics : accuracy: 0.500 ; loss: 1.018
2018-03-12 23:31:21,345:INFO: Epoch 7/10
2018-03-12 23:31:21,910:INFO: - Train metrics: accuracy: 0.500 ; loss: 0.631
2018-03-12 23:31:22,321:INFO: - Eval metrics : accuracy: 0.500 ; loss: 1.846
2018-03-12 23:31:22,433:INFO: Epoch 8/10
2018-03-12 23:31:22,978:INFO: - Train metrics: accuracy: 1.000 ; loss: 0.620
2018-03-12 23:31:23,372:INFO: - Eval metrics : accuracy: 0.500 ; loss: 2.093
2018-03-12 23:31:23,485:INFO: Epoch 9/10
2018-03-12 23:31:24,087:INFO: - Train metrics: accuracy: 1.000 ; loss: 0.611
2018-03-12 23:31:24,641:INFO: - Eval metrics : accuracy: 0.000 ; loss: 1.960
2018-03-12 23:31:24,759:INFO: Epoch 10/10
2018-03-12 23:31:25,504:INFO: - Train metrics: accuracy: 1.000 ; loss: 0.601
2018-03-12 23:31:26,022:INFO: - Eval metrics : accuracy: 0.000 ; loss: 1.773
2018-03-12 23:34:38,569:INFO: Loading the datasets...
2018-03-12 23:34:38,573:INFO: - done.
2018-03-12 23:34:38,721:INFO: Starting training for 10 epoch(s)
2018-03-12 23:34:38,722:INFO: Epoch 1/10
2018-03-12 23:37:23,942:INFO: Loading the datasets...
2018-03-12 23:37:23,945:INFO: - done.
2018-03-12 23:37:24,086:INFO: Starting training for 10 epoch(s)
2018-03-12 23:37:24,088:INFO: Epoch 1/10
2018-03-12 23:42:30,979:INFO: Loading the datasets...
2018-03-12 23:42:30,981:INFO: - done.
2018-03-12 23:42:31,107:INFO: Starting training for 10 epoch(s)
2018-03-12 23:42:31,107:INFO: Epoch 1/10
2018-03-12 23:45:42,947:INFO: Loading the datasets...
2018-03-12 23:45:42,951:INFO: - done.
2018-03-12 23:45:43,091:INFO: Starting training for 10 epoch(s)
2018-03-12 23:45:43,092:INFO: Epoch 1/10
2018-03-12 23:46:26,518:INFO: Loading the datasets...
2018-03-12 23:46:26,522:INFO: - done.
2018-03-12 23:46:28,635:INFO: Starting training for 10 epoch(s)
2018-03-12 23:46:28,636:INFO: Epoch 1/10
2018-03-12 23:47:54,378:INFO: Loading the datasets...
2018-03-12 23:47:54,382:INFO: - done.
2018-03-12 23:47:54,561:INFO: Starting training for 10 epoch(s)
2018-03-12 23:47:54,562:INFO: Epoch 1/10
2018-03-12 23:57:11,285:INFO: Loading the datasets...
2018-03-12 23:57:11,288:INFO: - done.
2018-03-12 23:57:11,439:INFO: Starting training for 10 epoch(s)
2018-03-12 23:57:11,440:INFO: Epoch 1/10
2018-03-12 23:57:26,861:INFO: - Train metrics: accuracy: 0.000 ; loss: 225.224
2018-03-12 23:57:53,352:INFO: Loading the datasets...
2018-03-12 23:57:53,355:INFO: - done.
2018-03-12 23:57:55,297:INFO: Starting training for 10 epoch(s)
2018-03-12 23:57:55,298:INFO: Epoch 1/10
2018-03-12 23:58:04,239:INFO: - Train metrics: accuracy: 0.000 ; loss: 220.201
2018-03-12 23:59:16,584:INFO: Loading the datasets...
2018-03-12 23:59:16,587:INFO: - done.
2018-03-12 23:59:18,696:INFO: Starting training for 10 epoch(s)
2018-03-12 23:59:18,697:INFO: Epoch 1/10
2018-03-12 23:59:59,186:INFO: Loading the datasets...
2018-03-12 23:59:59,190:INFO: - done.
2018-03-12 23:59:59,375:INFO: Starting training for 10 epoch(s)
2018-03-12 23:59:59,376:INFO: Epoch 1/10
2018-03-13 00:01:21,815:INFO: Loading the datasets...
2018-03-13 00:01:21,818:INFO: - done.
2018-03-13 00:01:21,960:INFO: Starting training for 10 epoch(s)
2018-03-13 00:01:21,961:INFO: Epoch 1/10
2018-03-13 00:02:52,255:INFO: Loading the datasets...
2018-03-13 00:02:52,259:INFO: - done.
2018-03-13 00:02:54,464:INFO: Starting training for 10 epoch(s)
2018-03-13 00:02:54,465:INFO: Epoch 1/10
2018-03-13 00:03:04,747:INFO: - Train metrics: accuracy: 0.000 ; loss: 219.992
2018-03-13 02:28:05,225:INFO: Loading the datasets...
2018-03-13 02:28:05,230:INFO: - done.
2018-03-13 02:31:26,099:INFO: Loading the datasets...
2018-03-13 02:31:26,102:INFO: - done.
2018-03-13 02:31:28,113:INFO: Starting training for 10 epoch(s)
2018-03-13 02:31:28,114:INFO: Epoch 1/10
2018-03-13 02:31:41,447:INFO: - Train metrics: accuracy: 0.000 ; loss: 22.307
2018-03-13 02:31:45,956:INFO: - Eval metrics : accuracy: 0.000 ; loss: 26.985
2018-03-13 02:31:46,292:INFO: - Found new best accuracy
2018-03-13 02:31:46,293:INFO: Epoch 2/10
2018-03-13 02:31:57,640:INFO: - Train metrics: accuracy: 0.000 ; loss: 33.504
2018-03-13 02:32:02,147:INFO: - Eval metrics : accuracy: 0.000 ; loss: 22.426
2018-03-13 02:32:02,431:INFO: - Found new best accuracy
2018-03-13 02:32:02,432:INFO: Epoch 3/10
2018-03-13 02:32:13,534:INFO: - Train metrics: accuracy: 0.000 ; loss: 23.953
2018-03-13 02:32:17,733:INFO: - Eval metrics : accuracy: 0.000 ; loss: 20.286
2018-03-13 02:32:18,096:INFO: - Found new best accuracy
2018-03-13 02:32:18,097:INFO: Epoch 4/10
2018-03-13 02:32:29,085:INFO: - Train metrics: accuracy: 0.000 ; loss: 19.262
2018-03-13 02:32:33,422:INFO: - Eval metrics : accuracy: 0.000 ; loss: 20.789
2018-03-13 02:32:33,740:INFO: - Found new best accuracy
2018-03-13 02:32:33,741:INFO: Epoch 5/10
2018-03-13 02:32:45,628:INFO: - Train metrics: accuracy: 0.000 ; loss: 20.855
2018-03-13 02:32:49,859:INFO: - Eval metrics : accuracy: 0.000 ; loss: 21.742
2018-03-13 02:32:50,204:INFO: - Found new best accuracy
2018-03-13 02:32:50,205:INFO: Epoch 6/10
2018-03-13 02:33:01,275:INFO: - Train metrics: accuracy: 0.000 ; loss: 19.426
2018-03-13 02:33:05,630:INFO: - Eval metrics : accuracy: 0.000 ; loss: 22.105
2018-03-13 02:33:05,911:INFO: - Found new best accuracy
2018-03-13 02:33:05,913:INFO: Epoch 7/10
2018-03-13 02:33:17,806:INFO: - Train metrics: accuracy: 0.000 ; loss: 23.410
2018-03-13 02:33:22,376:INFO: - Eval metrics : accuracy: 0.000 ; loss: 20.603
2018-03-13 02:33:22,665:INFO: - Found new best accuracy
2018-03-13 02:33:22,666:INFO: Epoch 8/10
2018-03-13 02:33:35,355:INFO: - Train metrics: accuracy: 0.000 ; loss: 20.772
2018-03-13 02:33:39,969:INFO: - Eval metrics : accuracy: 0.000 ; loss: 21.002
2018-03-13 02:33:40,287:INFO: - Found new best accuracy
2018-03-13 02:33:40,289:INFO: Epoch 9/10
2018-03-13 02:33:51,910:INFO: - Train metrics: accuracy: 0.000 ; loss: 22.395
2018-03-13 02:33:56,282:INFO: - Eval metrics : accuracy: 0.000 ; loss: 20.611
2018-03-13 02:33:56,636:INFO: - Found new best accuracy
2018-03-13 02:33:56,637:INFO: Epoch 10/10
2018-03-13 02:34:08,987:INFO: - Train metrics: accuracy: 0.000 ; loss: 19.903
2018-03-13 02:34:13,145:INFO: - Eval metrics : accuracy: 0.000 ; loss: 20.686
2018-03-13 02:34:13,421:INFO: - Found new best accuracy
2018-03-13 02:35:06,531:INFO: Loading the datasets...
2018-03-13 02:35:06,534:INFO: - done.
2018-03-13 02:35:08,521:INFO: Starting training for 10 epoch(s)
2018-03-13 02:35:08,522:INFO: Epoch 1/10
2018-03-13 02:35:22,580:INFO: - Train metrics: accuracy: 0.000 ; loss: 221.052
2018-03-13 02:35:55,224:INFO: Loading the datasets...
2018-03-13 02:35:55,227:INFO: - done.
2018-03-13 02:35:57,097:INFO: Starting training for 10 epoch(s)
2018-03-13 02:35:57,099:INFO: Epoch 1/10
2018-03-13 02:36:09,715:INFO: - Train metrics: accuracy: 0.000 ; loss: 21.785
2018-03-13 02:36:13,890:INFO: - Eval metrics : accuracy: 0.000 ; loss: 30.711
2018-03-13 02:36:14,200:INFO: - Found new best accuracy
2018-03-13 02:36:14,201:INFO: Epoch 2/10
2018-03-13 02:36:24,848:INFO: - Train metrics: accuracy: 0.000 ; loss: 34.144
2018-03-13 02:36:29,091:INFO: - Eval metrics : accuracy: 0.000 ; loss: 21.982
2018-03-13 02:36:29,405:INFO: - Found new best accuracy
2018-03-13 02:36:29,407:INFO: Epoch 3/10
2018-03-13 02:36:40,893:INFO: - Train metrics: accuracy: 0.000 ; loss: 22.300
2018-03-13 02:36:45,061:INFO: - Eval metrics : accuracy: 0.000 ; loss: 19.997
2018-03-13 02:36:45,373:INFO: - Found new best accuracy
2018-03-13 02:36:45,374:INFO: Epoch 4/10
2018-03-13 02:36:56,886:INFO: - Train metrics: accuracy: 0.000 ; loss: 19.042
2018-03-13 02:37:01,185:INFO: - Eval metrics : accuracy: 0.000 ; loss: 20.400
2018-03-13 02:37:01,461:INFO: - Found new best accuracy
2018-03-13 02:37:01,462:INFO: Epoch 5/10
2018-03-13 02:37:12,969:INFO: - Train metrics: accuracy: 0.000 ; loss: 22.906
2018-03-13 02:37:16,981:INFO: - Eval metrics : accuracy: 0.000 ; loss: 20.744
2018-03-13 02:37:17,257:INFO: - Found new best accuracy
2018-03-13 02:37:17,258:INFO: Epoch 6/10
2018-03-13 02:37:28,439:INFO: - Train metrics: accuracy: 0.000 ; loss: 22.374
2018-03-13 02:37:32,522:INFO: - Eval metrics : accuracy: 0.000 ; loss: 24.199
2018-03-13 02:37:32,824:INFO: - Found new best accuracy
2018-03-13 02:37:32,825:INFO: Epoch 7/10
2018-03-13 02:37:44,354:INFO: - Train metrics: accuracy: 0.000 ; loss: 28.464
2018-03-13 02:37:48,249:INFO: - Eval metrics : accuracy: 0.000 ; loss: 20.665
2018-03-13 02:37:48,540:INFO: - Found new best accuracy
2018-03-13 02:37:48,541:INFO: Epoch 8/10
2018-03-13 02:38:15,214:INFO: Loading the datasets...
2018-03-13 02:38:15,216:INFO: - done.
2018-03-13 02:38:17,031:INFO: Starting training for 10 epoch(s)
2018-03-13 02:38:17,032:INFO: Epoch 1/10
2018-03-13 02:38:28,662:INFO: - Train metrics: accuracy: 0.000 ; loss: 33.633
2018-03-13 02:38:32,735:INFO: - Eval metrics : accuracy: 0.000 ; loss: 32.402
2018-03-13 02:38:33,114:INFO: - Found new best accuracy
2018-03-13 02:38:33,116:INFO: Epoch 2/10
2018-03-13 02:38:44,207:INFO: - Train metrics: accuracy: 0.000 ; loss: 35.745
2018-03-13 02:38:47,936:INFO: - Eval metrics : accuracy: 0.000 ; loss: 29.916
2018-03-13 02:38:48,222:INFO: - Found new best accuracy
2018-03-13 02:38:48,223:INFO: Epoch 3/10
2018-03-13 02:38:58,792:INFO: - Train metrics: accuracy: 0.000 ; loss: 30.785
2018-03-13 02:39:02,558:INFO: - Eval metrics : accuracy: 0.000 ; loss: 32.464
2018-03-13 02:39:02,870:INFO: - Found new best accuracy
2018-03-13 02:39:02,871:INFO: Epoch 4/10
2018-03-13 02:39:13,080:INFO: - Train metrics: accuracy: 0.000 ; loss: 33.123
2018-03-13 02:39:14,742:ERROR: Internal Python error in the inspect module.
Below is the traceback from this internal error.

2018-03-13 02:39:14,746:INFO: 
Unfortunately, your original traceback can not be constructed.

2018-03-13 02:39:46,479:INFO: Loading the datasets...
2018-03-13 02:39:46,482:INFO: - done.
2018-03-13 02:39:48,337:INFO: Starting training for 10 epoch(s)
2018-03-13 02:39:48,338:INFO: Epoch 1/10
2018-03-13 02:40:00,133:INFO: - Train metrics: accuracy: 0.000 ; loss: 88.163
2018-03-13 02:40:04,198:INFO: - Eval metrics : accuracy: 0.000 ; loss: 281.668
2018-03-13 02:40:04,508:INFO: - Found new best accuracy
2018-03-13 02:40:04,510:INFO: Epoch 2/10
2018-03-13 02:40:15,814:INFO: - Train metrics: accuracy: 0.000 ; loss: 94.715
2018-03-13 02:40:19,386:INFO: - Eval metrics : accuracy: 0.000 ; loss: 120.076
2018-03-13 02:40:19,740:INFO: - Found new best accuracy
2018-03-13 02:40:19,742:INFO: Epoch 3/10
2018-03-13 02:50:04,855:INFO: Loading the datasets...
2018-03-13 02:50:04,857:INFO: - done.
2018-03-13 02:50:06,841:INFO: Starting training for 10 epoch(s)
2018-03-13 02:50:06,842:INFO: Epoch 1/10
2018-03-13 02:50:18,691:INFO: - Train metrics: accuracy: 0.000 ; loss: 87.034
2018-03-13 02:50:22,823:INFO: - Eval metrics : accuracy: 0.000 ; loss: 1308.916
2018-03-13 02:50:23,146:INFO: - Found new best accuracy
2018-03-13 02:50:23,147:INFO: Epoch 2/10
2018-03-13 02:50:33,130:INFO: - Train metrics: accuracy: 0.000 ; loss: 93.560
2018-03-13 02:50:36,668:INFO: - Eval metrics : accuracy: 0.000 ; loss: 217.926
2018-03-13 02:50:36,982:INFO: - Found new best accuracy
2018-03-13 02:50:36,983:INFO: Epoch 3/10
2018-03-13 02:50:47,362:INFO: - Train metrics: accuracy: 0.000 ; loss: 82.726
2018-03-13 02:50:51,016:INFO: - Eval metrics : accuracy: 0.000 ; loss: 275.462
2018-03-13 02:50:51,290:INFO: - Found new best accuracy
2018-03-13 02:50:51,291:INFO: Epoch 4/10
2018-03-13 02:51:00,527:INFO: - Train metrics: accuracy: 0.000 ; loss: 90.439
2018-03-13 02:51:04,033:INFO: - Eval metrics : accuracy: 0.000 ; loss: 441.535
2018-03-13 02:51:04,309:INFO: - Found new best accuracy
2018-03-13 02:51:04,310:INFO: Epoch 5/10
2018-03-13 02:51:14,481:INFO: - Train metrics: accuracy: 0.000 ; loss: 89.472
2018-03-13 02:51:18,072:INFO: - Eval metrics : accuracy: 0.000 ; loss: 226.344
2018-03-13 02:51:18,359:INFO: - Found new best accuracy
2018-03-13 02:51:18,360:INFO: Epoch 6/10
2018-03-13 02:51:27,407:INFO: - Train metrics: accuracy: 0.000 ; loss: 96.509
2018-03-13 02:51:30,841:INFO: - Eval metrics : accuracy: 0.000 ; loss: 179.661
2018-03-13 02:51:31,127:INFO: - Found new best accuracy
2018-03-13 02:51:31,128:INFO: Epoch 7/10
2018-03-13 02:51:39,899:INFO: - Train metrics: accuracy: 0.000 ; loss: 81.757
2018-03-13 02:51:43,553:INFO: - Eval metrics : accuracy: 0.000 ; loss: 254.614
2018-03-13 02:51:43,856:INFO: - Found new best accuracy
2018-03-13 02:51:43,857:INFO: Epoch 8/10
2018-03-13 02:51:53,449:INFO: - Train metrics: accuracy: 0.000 ; loss: 118.363
2018-03-13 02:51:57,099:INFO: - Eval metrics : accuracy: 0.000 ; loss: 106.338
2018-03-13 02:51:57,460:INFO: - Found new best accuracy
2018-03-13 02:51:57,461:INFO: Epoch 9/10
2018-03-13 02:52:07,582:INFO: - Train metrics: accuracy: 0.000 ; loss: 91.140
2018-03-13 02:52:11,193:INFO: - Eval metrics : accuracy: 0.000 ; loss: 74.227
2018-03-13 02:52:11,485:INFO: - Found new best accuracy
2018-03-13 02:52:11,486:INFO: Epoch 10/10
2018-03-13 02:52:20,380:INFO: - Train metrics: accuracy: 0.000 ; loss: 90.164
2018-03-13 02:52:23,921:INFO: - Eval metrics : accuracy: 0.000 ; loss: 79.149
2018-03-13 02:52:24,209:INFO: - Found new best accuracy
